# JRE version: Java(TM) SE Runtime Environment (8.0_66-b18) (build 1.8.0_66-b18)
# Java VM: Java HotSpot(TM) 64-Bit Server VM (25.66-b18 mixed mode windows-amd64 compressed oops)
Heap:
 PSYoungGen      total 24576K, used 17888K [0x00000000d5c00000, 0x00000000d7680000, 0x0000000100000000)
  eden space 24064K, 73% used [0x00000000d5c00000,0x00000000d6d40170,0x00000000d7380000)
  from space 512K, 43% used [0x00000000d7380000,0x00000000d73b8000,0x00000000d7400000)
  to   space 1536K, 0% used [0x00000000d7500000,0x00000000d7500000,0x00000000d7680000)
 ParOldGen       total 87552K, used 67768K [0x0000000081400000, 0x0000000086980000, 0x00000000d5c00000)
  object space 87552K, 77% used [0x0000000081400000,0x000000008562e2c0,0x0000000086980000)
 Metaspace       used 10200K, capacity 10394K, committed 10752K, reserved 1058816K
  class space    used 1164K, capacity 1221K, committed 1280K, reserved 1048576K
GC Heap History (10 events):
Event: 27.264 GC heap before
{Heap before GC invocations=79 (full 0):
 PSYoungGen      total 26624K, used 23572K [0x00000000d5c00000, 0x00000000d7880000, 0x0000000100000000)
  eden space 24064K, 96% used [0x00000000d5c00000,0x00000000d72c5180,0x00000000d7380000)
  from space 2560K, 10% used [0x00000000d7600000,0x00000000d7640000,0x00000000d7880000)
  to   space 2560K, 0% used [0x00000000d7380000,0x00000000d7380000,0x00000000d7600000)
 ParOldGen       total 87552K, used 67535K [0x0000000081400000, 0x0000000086980000, 0x00000000d5c00000)
  object space 87552K, 77% used [0x0000000081400000,0x00000000855f3ea8,0x0000000086980000)
 Metaspace       used 10164K, capacity 10330K, committed 10496K, reserved 1058816K
  class space    used 1163K, capacity 1221K, committed 1280K, reserved 1048576K
Event: 27.265 GC heap after
Heap after GC invocations=79 (full 0):
 PSYoungGen      total 24576K, used 224K [0x00000000d5c00000, 0x00000000d7780000, 0x0000000100000000)
  eden space 24064K, 0% used [0x00000000d5c00000,0x00000000d5c00000,0x00000000d7380000)
  from space 512K, 43% used [0x00000000d7380000,0x00000000d73b8000,0x00000000d7400000)
  to   space 2048K, 0% used [0x00000000d7580000,0x00000000d7580000,0x00000000d7780000)
 ParOldGen       total 87552K, used 67616K [0x0000000081400000, 0x0000000086980000, 0x00000000d5c00000)
  object space 87552K, 77% used [0x0000000081400000,0x00000000856082c0,0x0000000086980000)
 Metaspace       used 10164K, capacity 10330K, committed 10496K, reserved 1058816K
  class space    used 1163K, capacity 1221K, committed 1280K, reserved 1048576K
}
Event: 27.498 GC heap before
{Heap before GC invocations=80 (full 0):
 PSYoungGen      total 24576K, used 23469K [0x00000000d5c00000, 0x00000000d7780000, 0x0000000100000000)
  eden space 24064K, 96% used [0x00000000d5c00000,0x00000000d72b3448,0x00000000d7380000)
  from space 512K, 43% used [0x00000000d7380000,0x00000000d73b8000,0x00000000d7400000)
  to   space 2048K, 0% used [0x00000000d7580000,0x00000000d7580000,0x00000000d7780000)
 ParOldGen       total 87552K, used 67616K [0x0000000081400000, 0x0000000086980000, 0x00000000d5c00000)
  object space 87552K, 77% used [0x0000000081400000,0x00000000856082c0,0x0000000086980000)
 Metaspace       used 10164K, capacity 10330K, committed 10496K, reserved 1058816K
  class space    used 1163K, capacity 1221K, committed 1280K, reserved 1048576K
Event: 27.498 GC heap after
Heap after GC invocations=80 (full 0):
 PSYoungGen      total 26112K, used 256K [0x00000000d5c00000, 0x00000000d7780000, 0x0000000100000000)
  eden space 24064K, 0% used [0x00000000d5c00000,0x00000000d5c00000,0x00000000d7380000)
  from space 2048K, 12% used [0x00000000d7580000,0x00000000d75c0000,0x00000000d7780000)
  to   space 2048K, 0% used [0x00000000d7380000,0x00000000d7380000,0x00000000d7580000)
 ParOldGen       total 87552K, used 67648K [0x0000000081400000, 0x0000000086980000, 0x00000000d5c00000)
  object space 87552K, 77% used [0x0000000081400000,0x00000000856102c0,0x0000000086980000)
 Metaspace       used 10164K, capacity 10330K, committed 10496K, reserved 1058816K
  class space    used 1163K, capacity 1221K, committed 1280K, reserved 1048576K
}
Event: 27.733 GC heap before
{Heap before GC invocations=81 (full 0):
 PSYoungGen      total 26112K, used 23439K [0x00000000d5c00000, 0x00000000d7780000, 0x0000000100000000)
  eden space 24064K, 96% used [0x00000000d5c00000,0x00000000d72a3d48,0x00000000d7380000)
  from space 2048K, 12% used [0x00000000d7580000,0x00000000d75c0000,0x00000000d7780000)
  to   space 2048K, 0% used [0x00000000d7380000,0x00000000d7380000,0x00000000d7580000)
 ParOldGen       total 87552K, used 67648K [0x0000000081400000, 0x0000000086980000, 0x00000000d5c00000)
  object space 87552K, 77% used [0x0000000081400000,0x00000000856102c0,0x0000000086980000)
 Metaspace       used 10195K, capacity 10394K, committed 10752K, reserved 1058816K
  class space    used 1163K, capacity 1221K, committed 1280K, reserved 1048576K
Event: 27.733 GC heap after
Heap after GC invocations=81 (full 0):
 PSYoungGen      total 26112K, used 224K [0x00000000d5c00000, 0x00000000d7780000, 0x0000000100000000)
  eden space 24064K, 0% used [0x00000000d5c00000,0x00000000d5c00000,0x00000000d7380000)
  from space 2048K, 10% used [0x00000000d7380000,0x00000000d73b8000,0x00000000d7580000)
  to   space 2048K, 0% used [0x00000000d7580000,0x00000000d7580000,0x00000000d7780000)
 ParOldGen       total 87552K, used 67696K [0x0000000081400000, 0x0000000086980000, 0x00000000d5c00000)
  object space 87552K, 77% used [0x0000000081400000,0x000000008561c2c0,0x0000000086980000)
 Metaspace       used 10195K, capacity 10394K, committed 10752K, reserved 1058816K
  class space    used 1163K, capacity 1221K, committed 1280K, reserved 1048576K
}
Event: 27.965 GC heap before
{Heap before GC invocations=82 (full 0):
 PSYoungGen      total 26112K, used 23391K [0x00000000d5c00000, 0x00000000d7780000, 0x0000000100000000)
  eden space 24064K, 96% used [0x00000000d5c00000,0x00000000d729fc78,0x00000000d7380000)
  from space 2048K, 10% used [0x00000000d7380000,0x00000000d73b8000,0x00000000d7580000)
  to   space 2048K, 0% used [0x00000000d7580000,0x00000000d7580000,0x00000000d7780000)
 ParOldGen       total 87552K, used 67696K [0x0000000081400000, 0x0000000086980000, 0x00000000d5c00000)
  object space 87552K, 77% used [0x0000000081400000,0x000000008561c2c0,0x0000000086980000)
 Metaspace       used 10195K, capacity 10394K, committed 10752K, reserved 1058816K
  class space    used 1163K, capacity 1221K, committed 1280K, reserved 1048576K
Event: 27.966 GC heap after
Heap after GC invocations=82 (full 0):
 PSYoungGen      total 26112K, used 256K [0x00000000d5c00000, 0x00000000d7780000, 0x0000000100000000)
  eden space 24064K, 0% used [0x00000000d5c00000,0x00000000d5c00000,0x00000000d7380000)
  from space 2048K, 12% used [0x00000000d7580000,0x00000000d75c0000,0x00000000d7780000)
  to   space 2048K, 0% used [0x00000000d7380000,0x00000000d7380000,0x00000000d7580000)
 ParOldGen       total 87552K, used 67752K [0x0000000081400000, 0x0000000086980000, 0x00000000d5c00000)
  object space 87552K, 77% used [0x0000000081400000,0x000000008562a2c0,0x0000000086980000)
 Metaspace       used 10195K, capacity 10394K, committed 10752K, reserved 1058816K
  class space    used 1163K, capacity 1221K, committed 1280K, reserved 1048576K
}
Event: 28.195 GC heap before
{Heap before GC invocations=83 (full 0):
 PSYoungGen      total 26112K, used 23427K [0x00000000d5c00000, 0x00000000d7780000, 0x0000000100000000)
  eden space 24064K, 96% used [0x00000000d5c00000,0x00000000d72a0e88,0x00000000d7380000)
  from space 2048K, 12% used [0x00000000d7580000,0x00000000d75c0000,0x00000000d7780000)
  to   space 2048K, 0% used [0x00000000d7380000,0x00000000d7380000,0x00000000d7580000)
 ParOldGen       total 87552K, used 67752K [0x0000000081400000, 0x0000000086980000, 0x00000000d5c00000)
  object space 87552K, 77% used [0x0000000081400000,0x000000008562a2c0,0x0000000086980000)
 Metaspace       used 10195K, capacity 10394K, committed 10752K, reserved 1058816K
  class space    used 1163K, capacity 1221K, committed 1280K, reserved 1048576K
Event: 28.196 GC heap after
Heap after GC invocations=83 (full 0):
 PSYoungGen      total 24576K, used 224K [0x00000000d5c00000, 0x00000000d7680000, 0x0000000100000000)
  eden space 24064K, 0% used [0x00000000d5c00000,0x00000000d5c00000,0x00000000d7380000)
  from space 512K, 43% used [0x00000000d7380000,0x00000000d73b8000,0x00000000d7400000)
  to   space 1536K, 0% used [0x00000000d7500000,0x00000000d7500000,0x00000000d7680000)
 ParOldGen       total 87552K, used 67768K [0x0000000081400000, 0x0000000086980000, 0x00000000d5c00000)
  object space 87552K, 77% used [0x0000000081400000,0x000000008562e2c0,0x0000000086980000)
 Metaspace       used 10195K, capacity 10394K, committed 10752K, reserved 1058816K
  class space    used 1163K, capacity 1221K, committed 1280K, reserved 1048576K
}

